<?xml version="1.0" encoding="UTF-8"?>
<!-- Generated by org.testng.reporters.JUnitXMLReporter -->
<testsuite hostname="LIN39000467" ignored="0" name="Default test" tests="5" failures="0" timestamp="28 Oct 2020 09:05:36 GMT" time="18.525" errors="0">
  <testcase name="@AfterMethod endsession" time="5.656" classname="com.orangehrm.qa.testcases.LoginPageTest">
    <failure type="org.apache.commons.mail.EmailException" message="Sending the email to the following server failed : smtp.googlemail.com:465">
      <![CDATA[org.apache.commons.mail.EmailException: Sending the email to the following server failed : smtp.googlemail.com:465
at org.apache.commons.mail.Email.sendMimeMessage(Email.java:1469)
at org.apache.commons.mail.Email.send(Email.java:1496)
at com.orangehrm.qa.testcases.LoginPageTest.endsession(LoginPageTest.java:87)
at sun.reflect.NativeMethodAccessorImpl.invoke0(Native Method)
at sun.reflect.NativeMethodAccessorImpl.invoke(NativeMethodAccessorImpl.java:62)
at sun.reflect.DelegatingMethodAccessorImpl.invoke(DelegatingMethodAccessorImpl.java:43)
at java.lang.reflect.Method.invoke(Method.java:498)
at org.testng.internal.MethodInvocationHelper.invokeMethod(MethodInvocationHelper.java:124)
at org.testng.internal.MethodInvocationHelper.invokeMethodConsideringTimeout(MethodInvocationHelper.java:59)
at org.testng.internal.Invoker.invokeConfigurationMethod(Invoker.java:458)
at org.testng.internal.Invoker.invokeConfigurations(Invoker.java:222)
at org.testng.internal.Invoker.invokeMethod(Invoker.java:646)
at org.testng.internal.Invoker.invokeTestMethod(Invoker.java:719)
at org.testng.internal.Invoker.invokeTestMethods(Invoker.java:989)
at org.testng.internal.TestMethodWorker.invokeTestMethods(TestMethodWorker.java:125)
at org.testng.internal.TestMethodWorker.run(TestMethodWorker.java:109)
at org.testng.TestRunner.privateRun(TestRunner.java:648)
at org.testng.TestRunner.run(TestRunner.java:505)
at org.testng.SuiteRunner.runTest(SuiteRunner.java:455)
at org.testng.SuiteRunner.runSequentially(SuiteRunner.java:450)
at org.testng.SuiteRunner.privateRun(SuiteRunner.java:415)
at org.testng.SuiteRunner.run(SuiteRunner.java:364)
at org.testng.SuiteRunnerWorker.runSuite(SuiteRunnerWorker.java:52)
at org.testng.SuiteRunnerWorker.run(SuiteRunnerWorker.java:84)
at org.testng.TestNG.runSuitesSequentially(TestNG.java:1208)
at org.testng.TestNG.runSuitesLocally(TestNG.java:1137)
at org.testng.TestNG.runSuites(TestNG.java:1049)
at org.testng.TestNG.run(TestNG.java:1017)
at org.testng.remote.AbstractRemoteTestNG.run(AbstractRemoteTestNG.java:114)
at org.testng.remote.RemoteTestNG.initAndRun(RemoteTestNG.java:251)
at org.testng.remote.RemoteTestNG.main(RemoteTestNG.java:77)
Caused by: javax.mail.AuthenticationFailedException: 535-5.7.8 Username and Password not accepted. Learn more at
535 5.7.8  https://support.google.com/mail/?p=BadCredentials c10sm5211328wmb.20 - gsmtp

at com.sun.mail.smtp.SMTPTransport$Authenticator.authenticate(SMTPTransport.java:965)
at com.sun.mail.smtp.SMTPTransport.authenticate(SMTPTransport.java:876)
at com.sun.mail.smtp.SMTPTransport.protocolConnect(SMTPTransport.java:780)
at javax.mail.Service.connect(Service.java:388)
at javax.mail.Service.connect(Service.java:246)
at javax.mail.Service.connect(Service.java:195)
at javax.mail.Transport.send0(Transport.java:254)
at javax.mail.Transport.send(Transport.java:124)
at org.apache.commons.mail.Email.sendMimeMessage(Email.java:1459)
... 30 more
]]>
    </failure>
  </testcase> <!-- @AfterMethod endsession -->
  <testcase name="@BeforeMethod setup" time="0.0" classname="com.orangehrm.qa.testcases.LoginPageTest">
    <skipped/>
  </testcase> <!-- @BeforeMethod setup -->
  <testcase name="@AfterMethod endsession" time="0.0" classname="com.orangehrm.qa.testcases.LoginPageTest">
    <skipped/>
  </testcase> <!-- @AfterMethod endsession -->
  <testcase name="@BeforeMethod setup" time="0.0" classname="com.orangehrm.qa.testcases.LoginPageTest">
    <skipped/>
  </testcase> <!-- @BeforeMethod setup -->
  <testcase name="@AfterMethod endsession" time="0.0" classname="com.orangehrm.qa.testcases.LoginPageTest">
    <skipped/>
  </testcase> <!-- @AfterMethod endsession -->
  <testcase name="@BeforeMethod setup" time="0.0" classname="com.orangehrm.qa.testcases.LoginPageTest">
    <skipped/>
  </testcase> <!-- @BeforeMethod setup -->
  <testcase name="@AfterMethod endsession" time="0.0" classname="com.orangehrm.qa.testcases.LoginPageTest">
    <skipped/>
  </testcase> <!-- @AfterMethod endsession -->
  <testcase name="@BeforeMethod setup" time="0.0" classname="com.orangehrm.qa.testcases.LoginPageTest">
    <skipped/>
  </testcase> <!-- @BeforeMethod setup -->
  <testcase name="@AfterMethod endsession" time="0.0" classname="com.orangehrm.qa.testcases.LoginPageTest">
    <skipped/>
  </testcase> <!-- @AfterMethod endsession -->
  <testcase name="loginappfail" time="1.559" classname="com.orangehrm.qa.testcases.LoginPageTest"/>
  <testcase name="loginappfail" time="0.0" classname="com.orangehrm.qa.testcases.LoginPageTest">
    <skipped/>
  </testcase> <!-- loginappfail -->
  <testcase name="loginappfail" time="0.0" classname="com.orangehrm.qa.testcases.LoginPageTest">
    <skipped/>
  </testcase> <!-- loginappfail -->
  <testcase name="loginpagetitlecase" time="0.0" classname="com.orangehrm.qa.testcases.LoginPageTest">
    <skipped/>
  </testcase> <!-- loginpagetitlecase -->
  <testcase name="loginapp" time="0.0" classname="com.orangehrm.qa.testcases.LoginPageTest">
    <skipped/>
  </testcase> <!-- loginapp -->
</testsuite> <!-- Default test -->
